[2026-01-30T15:43:36.272Z] {"timestamp":1769787814592,"kind":"scroll","url":"http://localhost:3000/","viewport":{"width":1440,"height":820},"payload":{"scrollX":0,"scrollY":1,"documentHeight":985,"viewportHeight":820}}
[2026-01-30T15:43:36.273Z] {"timestamp":1769787815109,"kind":"scroll","url":"http://localhost:3000/","viewport":{"width":1440,"height":820},"payload":{"scrollX":0,"scrollY":171,"documentHeight":985,"viewportHeight":820}}
[2026-01-30T15:43:38.278Z] {"timestamp":1769787818019,"kind":"click","url":"http://localhost:3000/","viewport":{"width":1440,"height":820},"payload":{"target":{"tag":"a","id":null,"name":null,"type":null,"role":null,"ariaLabel":null,"testId":null,"dataLoc":null,"href":null,"text":"Sobre","selectorHint":"a"},"x":1068,"y":34}}
[2026-01-30T15:43:38.278Z] {"timestamp":1769787818020,"kind":"navigate","url":"http://localhost:3000/about","viewport":{"width":1440,"height":820},"payload":{"reason":"pushState"}}
[2026-01-30T15:43:38.278Z] {"timestamp":1769787818040,"kind":"scroll","url":"http://localhost:3000/about","viewport":{"width":1440,"height":820},"payload":{"scrollX":0,"scrollY":0,"documentHeight":820,"viewportHeight":820}}
[2026-01-30T15:43:40.291Z] {"timestamp":1769787819355,"kind":"click","url":"http://localhost:3000/about","viewport":{"width":1440,"height":820},"payload":{"target":{"tag":"a","id":null,"name":null,"type":null,"role":null,"ariaLabel":null,"testId":null,"dataLoc":null,"href":null,"text":"Home","selectorHint":"a"},"x":998,"y":45}}
[2026-01-30T15:43:40.291Z] {"timestamp":1769787819355,"kind":"navigate","url":"http://localhost:3000/","viewport":{"width":1440,"height":820},"payload":{"reason":"pushState"}}
[2026-01-30T15:43:48.330Z] {"timestamp":1769787826903,"kind":"keydown","url":"http://localhost:3000/","viewport":{"width":1440,"height":820},"payload":{"key":"[REDACTED]","target":{"tag":"body","id":null,"name":null,"type":null,"role":null,"ariaLabel":null,"testId":null,"dataLoc":null,"href":null,"text":"Lilium. Home Sobre Jardim Projetos Contato SOFTWARE ENGINEER Cultivating Digital…","selectorHint":"body"}}}
[2026-01-30T15:43:50.340Z] {"timestamp":1769787829305,"kind":"scroll","url":"http://localhost:3000/","viewport":{"width":708,"height":719},"payload":{"scrollX":0,"scrollY":1,"documentHeight":932,"viewportHeight":719}}
[2026-01-30T15:43:50.340Z] {"timestamp":1769787829819,"kind":"scroll","url":"http://localhost:3000/","viewport":{"width":708,"height":719},"payload":{"scrollX":0,"scrollY":157,"documentHeight":932,"viewportHeight":719}}
[2026-01-30T15:52:30.805Z] {"timestamp":1769788349877,"kind":"scroll","url":"http://localhost:3000/","viewport":{"width":708,"height":719},"payload":{"scrollX":0,"scrollY":168,"documentHeight":932,"viewportHeight":719}}
[2026-01-30T15:52:32.808Z] {"timestamp":1769788351575,"kind":"click","url":"http://localhost:3000/","viewport":{"width":708,"height":719},"payload":{"target":{"tag":"path","id":null,"name":null,"type":null,"role":null,"ariaLabel":null,"testId":null,"dataLoc":null,"href":null,"text":"","selectorHint":"path"},"x":349,"y":660}}
[2026-01-30T15:52:32.808Z] {"timestamp":1769788351585,"kind":"navigate","url":"http://localhost:3000/#","viewport":{"width":708,"height":719},"payload":{"reason":"popstate"}}
[2026-01-30T15:52:32.808Z] {"timestamp":1769788351586,"kind":"navigate","url":"http://localhost:3000/#","viewport":{"width":708,"height":719},"payload":{"reason":"hashchange"}}
[2026-01-30T15:52:32.808Z] {"timestamp":1769788351586,"kind":"scroll","url":"http://localhost:3000/#","viewport":{"width":708,"height":719},"payload":{"scrollX":0,"scrollY":0,"documentHeight":932,"viewportHeight":719}}
[2026-01-30T15:52:32.808Z] {"timestamp":1769788352659,"kind":"scroll","url":"http://localhost:3000/#","viewport":{"width":708,"height":719},"payload":{"scrollX":0,"scrollY":2,"documentHeight":932,"viewportHeight":719}}
[2026-01-30T15:52:34.818Z] {"timestamp":1769788353173,"kind":"scroll","url":"http://localhost:3000/#","viewport":{"width":708,"height":719},"payload":{"scrollX":0,"scrollY":259,"documentHeight":932,"viewportHeight":719}}
[2026-01-30T15:52:38.838Z] {"timestamp":1769788357660,"kind":"click","url":"http://localhost:3000/#","viewport":{"width":708,"height":719},"payload":{"target":{"tag":"p","id":null,"name":null,"type":null,"role":null,"ariaLabel":null,"testId":null,"dataLoc":null,"href":null,"text":"Creative Technology Portfolio © 2026","selectorHint":"p"},"x":475,"y":615}}
[2026-01-30T15:52:38.839Z] {"timestamp":1769788358174,"kind":"click","url":"http://localhost:3000/#","viewport":{"width":708,"height":719},"payload":{"target":{"tag":"div","id":null,"name":null,"type":null,"role":null,"ariaLabel":null,"testId":null,"dataLoc":null,"href":null,"text":"Lilium Pink Creative Technology Portfolio © 2026","selectorHint":"div"},"x":506,"y":600}}
[2026-01-30T15:53:02.688Z] {"timestamp":1769788381543,"kind":"click","url":"http://localhost:3000/#","viewport":{"width":708,"height":719},"payload":{"target":{"tag":"div","id":null,"name":null,"type":null,"role":null,"ariaLabel":null,"testId":null,"dataLoc":null,"href":null,"text":"Lilium Pink Creative Technology Portfolio © 2026","selectorHint":"div"},"x":498,"y":612}}
[2026-01-30T15:53:44.297Z] {"timestamp":1769788423594,"kind":"scroll","url":"http://localhost:3000/#","viewport":{"width":708,"height":719},"payload":{"scrollX":0,"scrollY":212,"documentHeight":932,"viewportHeight":719}}
[2026-01-30T15:53:44.298Z] {"timestamp":1769788424106,"kind":"scroll","url":"http://localhost:3000/#","viewport":{"width":708,"height":719},"payload":{"scrollX":0,"scrollY":106,"documentHeight":932,"viewportHeight":719}}
[2026-01-30T15:53:46.306Z] {"timestamp":1769788424707,"kind":"scroll","url":"http://localhost:3000/#","viewport":{"width":708,"height":719},"payload":{"scrollX":0,"scrollY":0,"documentHeight":932,"viewportHeight":719}}
[2026-01-30T15:53:46.306Z] {"timestamp":1769788425223,"kind":"scroll","url":"http://localhost:3000/#","viewport":{"width":708,"height":719},"payload":{"scrollX":0,"scrollY":77,"documentHeight":932,"viewportHeight":719}}
[2026-01-30T15:53:46.306Z] {"timestamp":1769788425723,"kind":"scroll","url":"http://localhost:3000/#","viewport":{"width":708,"height":719},"payload":{"scrollX":0,"scrollY":96,"documentHeight":932,"viewportHeight":719}}
[2026-01-30T15:53:48.316Z] {"timestamp":1769788426395,"kind":"scroll","url":"http://localhost:3000/#","viewport":{"width":708,"height":719},"payload":{"scrollX":0,"scrollY":214,"documentHeight":932,"viewportHeight":719}}
[2026-01-30T15:53:48.316Z] {"timestamp":1769788426897,"kind":"scroll","url":"http://localhost:3000/#","viewport":{"width":708,"height":719},"payload":{"scrollX":0,"scrollY":170,"documentHeight":932,"viewportHeight":719}}
[2026-01-30T15:53:48.316Z] {"timestamp":1769788427406,"kind":"scroll","url":"http://localhost:3000/#","viewport":{"width":708,"height":719},"payload":{"scrollX":0,"scrollY":2,"documentHeight":932,"viewportHeight":719}}
[2026-01-30T15:53:48.316Z] {"timestamp":1769788427990,"kind":"scroll","url":"http://localhost:3000/#","viewport":{"width":708,"height":719},"payload":{"scrollX":0,"scrollY":0,"documentHeight":932,"viewportHeight":719}}
[2026-01-30T15:53:52.337Z] {"timestamp":1769788430527,"kind":"click","url":"http://localhost:3000/#","viewport":{"width":708,"height":719},"payload":{"target":{"tag":"div","id":null,"name":null,"type":null,"role":null,"ariaLabel":null,"testId":null,"dataLoc":null,"href":null,"text":"Lilium.","selectorHint":"div"},"x":141,"y":50}}
[2026-01-30T15:53:52.337Z] {"timestamp":1769788430876,"kind":"click","url":"http://localhost:3000/#","viewport":{"width":708,"height":719},"payload":{"target":{"tag":"div","id":null,"name":null,"type":null,"role":null,"ariaLabel":null,"testId":null,"dataLoc":null,"href":null,"text":"Lilium.","selectorHint":"div"},"x":140,"y":50}}
[2026-01-30T15:53:52.337Z] {"timestamp":1769788431630,"kind":"scroll","url":"http://localhost:3000/#","viewport":{"width":708,"height":719},"payload":{"scrollX":0,"scrollY":1,"documentHeight":932,"viewportHeight":719}}
[2026-01-30T15:53:54.345Z] {"timestamp":1769788433542,"kind":"scroll","url":"http://localhost:3000/#","viewport":{"width":708,"height":719},"payload":{"scrollX":0,"scrollY":33,"documentHeight":932,"viewportHeight":719}}
[2026-01-30T15:53:54.345Z] {"timestamp":1769788434073,"kind":"scroll","url":"http://localhost:3000/#","viewport":{"width":708,"height":719},"payload":{"scrollX":0,"scrollY":202,"documentHeight":932,"viewportHeight":719}}
[2026-01-30T15:53:56.355Z] {"timestamp":1769788434573,"kind":"scroll","url":"http://localhost:3000/#","viewport":{"width":708,"height":719},"payload":{"scrollX":0,"scrollY":-2,"documentHeight":932,"viewportHeight":719}}
[2026-01-30T15:53:56.355Z] {"timestamp":1769788435112,"kind":"click","url":"http://localhost:3000/#","viewport":{"width":708,"height":719},"payload":{"target":{"tag":"line","id":null,"name":null,"type":null,"role":null,"ariaLabel":null,"testId":null,"dataLoc":null,"href":null,"text":"","selectorHint":"line"},"x":624,"y":43}}
[2026-01-30T15:53:58.367Z] {"timestamp":1769788437492,"kind":"click","url":"http://localhost:3000/#","viewport":{"width":708,"height":719},"payload":{"target":{"tag":"svg","id":null,"name":null,"type":null,"role":null,"ariaLabel":null,"testId":null,"dataLoc":null,"href":null,"text":"","selectorHint":"svg"},"x":625,"y":37}}
[2026-01-30T15:54:48.980Z] {"timestamp":1769788488828,"kind":"click","url":"http://localhost:3000/#","viewport":{"width":708,"height":719},"payload":{"target":{"tag":"p","id":null,"name":null,"type":null,"role":null,"ariaLabel":null,"testId":null,"dataLoc":null,"href":null,"text":"Combinando engenharia robusta com design orgânico para criar interfaces que flor…","selectorHint":"p"},"x":401,"y":435}}
[2026-01-30T15:55:40.606Z] {"timestamp":1769788539426,"kind":"click","url":"http://localhost:3000/#","viewport":{"width":708,"height":719},"payload":{"target":{"tag":"svg","id":null,"name":null,"type":null,"role":null,"ariaLabel":null,"testId":null,"dataLoc":null,"href":null,"text":"","selectorHint":"svg"},"x":630,"y":42}}
[2026-01-30T15:55:40.606Z] {"timestamp":1769788540261,"kind":"click","url":"http://localhost:3000/#","viewport":{"width":708,"height":719},"payload":{"target":{"tag":"svg","id":null,"name":null,"type":null,"role":null,"ariaLabel":null,"testId":null,"dataLoc":null,"href":null,"text":"","selectorHint":"svg"},"x":630,"y":42}}
[2026-01-30T15:55:42.614Z] {"timestamp":1769788540830,"kind":"scroll","url":"http://localhost:3000/#","viewport":{"width":708,"height":719},"payload":{"scrollX":0,"scrollY":1,"documentHeight":932,"viewportHeight":719}}
[2026-01-30T15:55:42.614Z] {"timestamp":1769788541341,"kind":"scroll","url":"http://localhost:3000/#","viewport":{"width":708,"height":719},"payload":{"scrollX":0,"scrollY":219,"documentHeight":932,"viewportHeight":719}}
[2026-01-30T15:55:42.614Z] {"timestamp":1769788541841,"kind":"scroll","url":"http://localhost:3000/#","viewport":{"width":708,"height":719},"payload":{"scrollX":0,"scrollY":-17,"documentHeight":932,"viewportHeight":719}}
[2026-01-30T15:56:10.278Z] {"timestamp":1769788569609,"kind":"click","url":"http://localhost:3000/#","viewport":{"width":708,"height":719},"payload":{"target":{"tag":"svg","id":null,"name":null,"type":null,"role":null,"ariaLabel":null,"testId":null,"dataLoc":null,"href":null,"text":"","selectorHint":"svg"},"x":624,"y":42}}
[2026-01-30T15:56:12.282Z] {"timestamp":1769788570566,"kind":"click","url":"http://localhost:3000/#","viewport":{"width":708,"height":719},"payload":{"target":{"tag":"a","id":null,"name":null,"type":null,"role":null,"ariaLabel":null,"testId":null,"dataLoc":null,"href":null,"text":"Sobre","selectorHint":"a"},"x":352,"y":283}}
[2026-01-30T15:56:12.282Z] {"timestamp":1769788570567,"kind":"navigate","url":"http://localhost:3000/about","viewport":{"width":708,"height":719},"payload":{"reason":"pushState"}}
[2026-01-30T15:56:41.027Z] {"timestamp":1769788600738,"kind":"click","url":"http://localhost:3000/about","viewport":{"width":708,"height":719},"payload":{"target":{"tag":"button","id":null,"name":null,"type":null,"role":null,"ariaLabel":null,"testId":null,"dataLoc":null,"href":null,"text":"","selectorHint":"button"},"x":644,"y":41}}
[2026-01-30T15:56:43.032Z] {"timestamp":1769788601644,"kind":"click","url":"http://localhost:3000/about","viewport":{"width":708,"height":719},"payload":{"target":{"tag":"a","id":null,"name":null,"type":null,"role":null,"ariaLabel":null,"testId":null,"dataLoc":null,"href":null,"text":"Home","selectorHint":"a"},"x":383,"y":236}}
[2026-01-30T15:56:43.032Z] {"timestamp":1769788601645,"kind":"navigate","url":"http://localhost:3000/","viewport":{"width":708,"height":719},"payload":{"reason":"pushState"}}
[2026-01-30T15:56:45.043Z] {"timestamp":1769788603041,"kind":"scroll","url":"http://localhost:3000/","viewport":{"width":708,"height":719},"payload":{"scrollX":0,"scrollY":1,"documentHeight":932,"viewportHeight":719}}
[2026-01-30T15:56:45.043Z] {"timestamp":1769788603557,"kind":"scroll","url":"http://localhost:3000/","viewport":{"width":708,"height":719},"payload":{"scrollX":0,"scrollY":146,"documentHeight":932,"viewportHeight":719}}
[2026-01-30T15:58:19.457Z] {"timestamp":1769788698581,"kind":"click","url":"http://localhost:3000/","viewport":{"width":1440,"height":820},"payload":{"target":{"tag":"div","id":null,"name":null,"type":null,"role":null,"ariaLabel":null,"testId":null,"dataLoc":null,"href":null,"text":"SOFTWARE ENGINEER Cultivating Digital Experiences Combinando engenharia robusta …","selectorHint":"div"},"x":1299,"y":627}}
[2026-01-30T15:58:21.461Z] {"timestamp":1769788700027,"kind":"click","url":"http://localhost:3000/","viewport":{"width":1440,"height":820},"payload":{"target":{"tag":"div","id":null,"name":null,"type":null,"role":null,"ariaLabel":null,"testId":null,"dataLoc":null,"href":null,"text":"SOFTWARE ENGINEER Cultivating Digital Experiences Combinando engenharia robusta …","selectorHint":"div"},"x":1352,"y":645}}
[2026-01-30T15:58:23.471Z] {"timestamp":1769788701777,"kind":"click","url":"http://localhost:3000/","viewport":{"width":1440,"height":820},"payload":{"target":{"tag":"div","id":null,"name":null,"type":null,"role":null,"ariaLabel":null,"testId":null,"dataLoc":null,"href":null,"text":"SOFTWARE ENGINEER Cultivating Digital Experiences Combinando engenharia robusta …","selectorHint":"div"},"x":1188,"y":640}}
[2026-01-30T15:58:23.471Z] {"timestamp":1769788702298,"kind":"scroll","url":"http://localhost:3000/","viewport":{"width":1440,"height":820},"payload":{"scrollX":0,"scrollY":45,"documentHeight":985,"viewportHeight":820}}
[2026-01-30T15:58:23.471Z] {"timestamp":1769788702808,"kind":"scroll","url":"http://localhost:3000/","viewport":{"width":1440,"height":820},"payload":{"scrollX":0,"scrollY":172,"documentHeight":985,"viewportHeight":820}}
[2026-01-30T15:58:23.471Z] {"timestamp":1769788703308,"kind":"scroll","url":"http://localhost:3000/","viewport":{"width":1440,"height":820},"payload":{"scrollX":0,"scrollY":162,"documentHeight":985,"viewportHeight":820}}
[2026-01-30T15:58:25.482Z] {"timestamp":1769788703808,"kind":"scroll","url":"http://localhost:3000/","viewport":{"width":1440,"height":820},"payload":{"scrollX":0,"scrollY":-2,"documentHeight":985,"viewportHeight":820}}
[2026-01-30T16:03:45.907Z] {"timestamp":1769789025682,"kind":"scroll","url":"http://localhost:3000/","viewport":{"width":708,"height":719},"payload":{"scrollX":0,"scrollY":1,"documentHeight":932,"viewportHeight":719}}
[2026-01-30T16:03:47.915Z] {"timestamp":1769789026227,"kind":"scroll","url":"http://localhost:3000/","viewport":{"width":708,"height":719},"payload":{"scrollX":0,"scrollY":219,"documentHeight":932,"viewportHeight":719}}
[2026-01-30T16:03:47.915Z] {"timestamp":1769789026743,"kind":"scroll","url":"http://localhost:3000/","viewport":{"width":708,"height":719},"payload":{"scrollX":0,"scrollY":-31,"documentHeight":932,"viewportHeight":719}}
[2026-01-30T16:03:47.915Z] {"timestamp":1769789027565,"kind":"click","url":"http://localhost:3000/","viewport":{"width":708,"height":719},"payload":{"target":{"tag":"svg","id":null,"name":null,"type":null,"role":null,"ariaLabel":null,"testId":null,"dataLoc":null,"href":null,"text":"","selectorHint":"svg"},"x":619,"y":54}}
[2026-01-30T16:03:49.923Z] {"timestamp":1769789028646,"kind":"click","url":"http://localhost:3000/","viewport":{"width":708,"height":719},"payload":{"target":{"tag":"a","id":null,"name":null,"type":null,"role":null,"ariaLabel":null,"testId":null,"dataLoc":null,"href":null,"text":"Sobre","selectorHint":"a"},"x":364,"y":311}}
[2026-01-30T16:03:49.923Z] {"timestamp":1769789028649,"kind":"navigate","url":"http://localhost:3000/about","viewport":{"width":708,"height":719},"payload":{"reason":"pushState"}}
[2026-01-30T16:03:51.935Z] {"timestamp":1769789030197,"kind":"click","url":"http://localhost:3000/about","viewport":{"width":708,"height":719},"payload":{"target":{"tag":"svg","id":null,"name":null,"type":null,"role":null,"ariaLabel":null,"testId":null,"dataLoc":null,"href":null,"text":"","selectorHint":"svg"},"x":622,"y":48}}
[2026-01-30T16:03:51.935Z] {"timestamp":1769789031328,"kind":"click","url":"http://localhost:3000/about","viewport":{"width":708,"height":719},"payload":{"target":{"tag":"a","id":null,"name":null,"type":null,"role":null,"ariaLabel":null,"testId":null,"dataLoc":null,"href":null,"text":"Jardim","selectorHint":"a"},"x":375,"y":363}}
[2026-01-30T16:03:51.935Z] {"timestamp":1769789031329,"kind":"navigate","url":"http://localhost:3000/garden","viewport":{"width":708,"height":719},"payload":{"reason":"pushState"}}
[2026-01-30T16:03:53.944Z] {"timestamp":1769789032896,"kind":"click","url":"http://localhost:3000/garden","viewport":{"width":708,"height":719},"payload":{"target":{"tag":"svg","id":null,"name":null,"type":null,"role":null,"ariaLabel":null,"testId":null,"dataLoc":null,"href":null,"text":"","selectorHint":"svg"},"x":628,"y":53}}
[2026-01-30T16:03:53.944Z] {"timestamp":1769789033814,"kind":"click","url":"http://localhost:3000/garden","viewport":{"width":708,"height":719},"payload":{"target":{"tag":"a","id":null,"name":null,"type":null,"role":null,"ariaLabel":null,"testId":null,"dataLoc":null,"href":null,"text":"Projetos","selectorHint":"a"},"x":340,"y":428}}
[2026-01-30T16:03:53.944Z] {"timestamp":1769789033815,"kind":"navigate","url":"http://localhost:3000/projects","viewport":{"width":708,"height":719},"payload":{"reason":"pushState"}}
[2026-01-30T16:05:38.287Z] {"timestamp":1769789137748,"kind":"click","url":"http://localhost:3000/projects","viewport":{"width":708,"height":719},"payload":{"target":{"tag":"svg","id":null,"name":null,"type":null,"role":null,"ariaLabel":null,"testId":null,"dataLoc":null,"href":null,"text":"","selectorHint":"svg"},"x":621,"y":54}}
[2026-01-30T16:05:40.295Z] {"timestamp":1769789138830,"kind":"click","url":"http://localhost:3000/projects","viewport":{"width":708,"height":719},"payload":{"target":{"tag":"a","id":null,"name":null,"type":null,"role":null,"ariaLabel":null,"testId":null,"dataLoc":null,"href":null,"text":"Home","selectorHint":"a"},"x":383,"y":226}}
[2026-01-30T16:05:40.295Z] {"timestamp":1769789138832,"kind":"navigate","url":"http://localhost:3000/","viewport":{"width":708,"height":719},"payload":{"reason":"pushState"}}
[2026-01-30T16:09:27.670Z] {"timestamp":1769789367432,"kind":"scroll","url":"http://localhost:3000/","viewport":{"width":708,"height":719},"payload":{"scrollX":0,"scrollY":2,"documentHeight":932,"viewportHeight":719}}
[2026-01-30T16:09:29.666Z] {"timestamp":1769789367944,"kind":"scroll","url":"http://localhost:3000/","viewport":{"width":708,"height":719},"payload":{"scrollX":0,"scrollY":231,"documentHeight":932,"viewportHeight":719}}
[2026-01-30T16:09:29.666Z] {"timestamp":1769789369082,"kind":"scroll","url":"http://localhost:3000/","viewport":{"width":708,"height":719},"payload":{"scrollX":0,"scrollY":210,"documentHeight":932,"viewportHeight":719}}
[2026-01-30T16:09:29.666Z] {"timestamp":1769789369594,"kind":"scroll","url":"http://localhost:3000/","viewport":{"width":708,"height":719},"payload":{"scrollX":0,"scrollY":-5,"documentHeight":932,"viewportHeight":719}}
[2026-01-30T16:11:39.206Z] {"timestamp":1769789498313,"kind":"scroll","url":"http://localhost:3000/","viewport":{"width":708,"height":719},"payload":{"scrollX":0,"scrollY":1,"documentHeight":932,"viewportHeight":719}}
[2026-01-30T16:11:39.207Z] {"timestamp":1769789498827,"kind":"scroll","url":"http://localhost:3000/","viewport":{"width":708,"height":719},"payload":{"scrollX":0,"scrollY":237,"documentHeight":932,"viewportHeight":719}}
[2026-01-30T16:11:41.215Z] {"timestamp":1769789499328,"kind":"scroll","url":"http://localhost:3000/","viewport":{"width":708,"height":719},"payload":{"scrollX":0,"scrollY":-16,"documentHeight":932,"viewportHeight":719}}
[2026-01-30T16:12:07.795Z] {"timestamp":1769789526846,"kind":"scroll","url":"http://localhost:3000/","viewport":{"width":708,"height":719},"payload":{"scrollX":0,"scrollY":1,"documentHeight":932,"viewportHeight":719}}
[2026-01-30T16:12:07.795Z] {"timestamp":1769789527377,"kind":"scroll","url":"http://localhost:3000/","viewport":{"width":708,"height":719},"payload":{"scrollX":0,"scrollY":229,"documentHeight":932,"viewportHeight":719}}
[2026-01-30T16:12:09.801Z] {"timestamp":1769789527878,"kind":"scroll","url":"http://localhost:3000/","viewport":{"width":708,"height":719},"payload":{"scrollX":0,"scrollY":-29,"documentHeight":932,"viewportHeight":719}}
[2026-01-30T16:13:07.763Z] {"timestamp":1769789586617,"kind":"scroll","url":"http://localhost:3000/","viewport":{"width":1440,"height":820},"payload":{"scrollX":0,"scrollY":1,"documentHeight":985,"viewportHeight":820}}
[2026-01-30T16:13:07.763Z] {"timestamp":1769789587211,"kind":"scroll","url":"http://localhost:3000/","viewport":{"width":1440,"height":820},"payload":{"scrollX":0,"scrollY":167,"documentHeight":985,"viewportHeight":820}}
[2026-01-30T16:13:07.763Z] {"timestamp":1769789587711,"kind":"scroll","url":"http://localhost:3000/","viewport":{"width":1440,"height":820},"payload":{"scrollX":0,"scrollY":-29,"documentHeight":985,"viewportHeight":820}}
